<?xml version="1.0" encoding="UTF-8"?>
<!-- Generated by org.testng.reporters.JUnitReportReporter -->
<testsuite hostname="DESKTOP-2IBOS10" name="com.lemon.day01.section01.NewTest" tests="1" failures="1" timestamp="21 Apr 2020 03:00:16 GMT" time="0.004" errors="0">
  <testcase name="f" time="0.004" classname="com.lemon.day01.section01.NewTest">
    <failure type="org.testng.TestNGException" message="
Parameter &#039;driverPath&#039; is required by @Configuration on method beforeSuite but has not been marked @Optional or defined
in D:\java\MavenTester\src\test\java\com\lemon\day01\section01\testng.xml">
      <![CDATA[org.testng.TestNGException: 
Parameter 'driverPath' is required by @Configuration on method beforeSuite but has not been marked @Optional or defined
in D:\java\MavenTester\src\test\java\com\lemon\day01\section01\testng.xml
	at org.testng.internal.Parameters.createParameters(Parameters.java:155)
	at org.testng.internal.Parameters.createParameters(Parameters.java:358)
	at org.testng.internal.Parameters.createConfigurationParameters(Parameters.java:86)
	at org.testng.internal.Invoker.invokeConfigurations(Invoker.java:199)
	at org.testng.internal.Invoker.invokeConfigurations(Invoker.java:138)
	at org.testng.SuiteRunner.privateRun(SuiteRunner.java:291)
	at org.testng.SuiteRunner.run(SuiteRunner.java:254)
	at org.testng.SuiteRunnerWorker.runSuite(SuiteRunnerWorker.java:52)
	at org.testng.SuiteRunnerWorker.run(SuiteRunnerWorker.java:86)
	at org.testng.TestNG.runSuitesSequentially(TestNG.java:1224)
	at org.testng.TestNG.runSuitesLocally(TestNG.java:1149)
	at org.testng.TestNG.run(TestNG.java:1057)
	at org.testng.remote.AbstractRemoteTestNG.run(AbstractRemoteTestNG.java:115)
	at org.testng.remote.RemoteTestNG.initAndRun(RemoteTestNG.java:251)
	at org.testng.remote.RemoteTestNG.main(RemoteTestNG.java:77)
]]>
    </failure>
  </testcase> <!-- f -->
</testsuite> <!-- com.lemon.day01.section01.NewTest -->
